<?xml version="1.0" encoding="UTF-8"?>
<testng-results ignored="0" total="1" passed="1" failed="0" skipped="0">
  <reporter-output>
  </reporter-output>
  <suite started-at="2025-01-11T10:37:18 IST" name="Test Suite for Buildout" finished-at="2025-01-11T10:37:45 IST" duration-ms="27188">
    <groups>
    </groups>
    <test started-at="2025-01-11T10:37:18 IST" name="Test Cases for Buildout" finished-at="2025-01-11T10:37:45 IST" duration-ms="27188">
      <class name="demo.TestCases">
        <test-method is-config="true" signature="startBrowser()[pri:0, instance:demo.TestCases@2d0399f4]" started-at="2025-01-11T10:37:18 IST" name="startBrowser" finished-at="2025-01-11T10:37:22 IST" duration-ms="4263" status="PASS">
          <reporter-output>
          </reporter-output>
        </test-method> <!-- startBrowser -->
        <test-method signature="testCase01()[pri:0, instance:demo.TestCases@2d0399f4]" started-at="2025-01-11T10:37:23 IST" name="testCase01" finished-at="2025-01-11T10:37:45 IST" duration-ms="22282" status="PASS">
          <reporter-output>
          </reporter-output>
        </test-method> <!-- testCase01 -->
        <test-method is-config="true" signature="endTest()[pri:0, instance:demo.TestCases@2d0399f4]" started-at="2025-01-11T10:37:45 IST" name="endTest" finished-at="2025-01-11T10:37:45 IST" duration-ms="508" status="PASS">
          <reporter-output>
          </reporter-output>
        </test-method> <!-- endTest -->
      </class> <!-- demo.TestCases -->
    </test> <!-- Test Cases for Buildout -->
  </suite> <!-- Test Suite for Buildout -->
</testng-results>
